{"duration":9422,"level":"\u001b[35mhttp\u001b[39m","message":"\u001b[35mAPI Request\u001b[39m","method":"GET","statusCode":401,"timestamp":"2025-09-29 21:04:45:445","type":"api_request","url":"/api/admin/settings","userId":"68d40d3f1aeab761f258990e"}
{"duration":9428,"level":"\u001b[35mhttp\u001b[39m","message":"\u001b[35mAPI Request\u001b[39m","method":"GET","statusCode":401,"timestamp":"2025-09-29 21:04:45:445","type":"api_request","url":"/api/admin/settings","userId":"68d40d3f1aeab761f258990e"}
{"duration":329,"level":"\u001b[35mhttp\u001b[39m","message":"\u001b[35mAPI Request\u001b[39m","method":"GET","statusCode":401,"timestamp":"2025-09-29 21:05:03:53","type":"api_request","url":"/api/admin/settings","userId":"68d40d3f1aeab761f258990e"}
{"duration":405,"level":"\u001b[35mhttp\u001b[39m","message":"\u001b[35mAPI Request\u001b[39m","method":"GET","statusCode":401,"timestamp":"2025-09-29 21:05:03:53","type":"api_request","url":"/api/admin/settings","userId":"68d40d3f1aeab761f258990e"}
{"duration":3163,"level":"\u001b[35mhttp\u001b[39m","message":"\u001b[35mAPI Request\u001b[39m","method":"GET","statusCode":200,"timestamp":"2025-09-29 21:05:25:525","type":"api_request","url":"/api/messages/unread-count","userId":"68d40d3f1aeab761f258990e"}
{"duration":2889,"level":"\u001b[35mhttp\u001b[39m","message":"\u001b[35mAPI Request\u001b[39m","method":"GET","statusCode":200,"timestamp":"2025-09-29 21:05:25:525","type":"api_request","url":"/api/messages/unread-count","userId":"68d40d3f1aeab761f258990e"}
{"duration":2888,"level":"\u001b[35mhttp\u001b[39m","message":"\u001b[35mAPI Request\u001b[39m","method":"GET","statusCode":200,"timestamp":"2025-09-29 21:05:25:525","type":"api_request","url":"/api/messages/unread-count","userId":"68d40d3f1aeab761f258990e"}
{"duration":2789,"level":"\u001b[35mhttp\u001b[39m","message":"\u001b[35mAPI Request\u001b[39m","method":"GET","statusCode":200,"timestamp":"2025-09-29 21:05:29:529","type":"api_request","url":"/api/messages/unread-count","userId":"68d40d3f1aeab761f258990e"}
{"duration":3109,"level":"\u001b[35mhttp\u001b[39m","message":"\u001b[35mAPI Request\u001b[39m","method":"GET","statusCode":200,"timestamp":"2025-09-29 21:05:29:529","type":"api_request","url":"/api/messages/unread-count","userId":"68d40d3f1aeab761f258990e"}
{"duration":9029,"level":"\u001b[35mhttp\u001b[39m","message":"\u001b[35mAPI Request\u001b[39m","method":"GET","statusCode":200,"timestamp":"2025-09-29 21:05:35:535","type":"api_request","url":"/api/messages/conversations","userId":"68d40d3f1aeab761f258990e"}
{"duration":121,"level":"\u001b[35mhttp\u001b[39m","message":"\u001b[35mAPI Request\u001b[39m","method":"GET","statusCode":200,"timestamp":"2025-09-29 21:05:56:556","type":"api_request","url":"/api/messages/unread-count","userId":"68d40d3f1aeab761f258990e"}
{"duration":142,"level":"\u001b[35mhttp\u001b[39m","message":"\u001b[35mAPI Request\u001b[39m","method":"GET","statusCode":200,"timestamp":"2025-09-29 21:05:56:556","type":"api_request","url":"/api/messages/unread-count","userId":"68d40d3f1aeab761f258990e"}
{"duration":470,"level":"\u001b[35mhttp\u001b[39m","message":"\u001b[35mAPI Request\u001b[39m","method":"GET","statusCode":200,"timestamp":"2025-09-29 21:06:06:66","type":"api_request","url":"/api/messages/conversations","userId":"68d40d3f1aeab761f258990e"}
{"duration":160,"level":"\u001b[35mhttp\u001b[39m","message":"\u001b[35mAPI Request\u001b[39m","method":"GET","statusCode":200,"timestamp":"2025-09-29 21:06:27:627","type":"api_request","url":"/api/messages/unread-count","userId":"68d40d3f1aeab761f258990e"}
{"duration":183,"level":"\u001b[35mhttp\u001b[39m","message":"\u001b[35mAPI Request\u001b[39m","method":"GET","statusCode":200,"timestamp":"2025-09-29 21:06:27:627","type":"api_request","url":"/api/messages/unread-count","userId":"68d40d3f1aeab761f258990e"}
{"duration":998,"level":"\u001b[35mhttp\u001b[39m","message":"\u001b[35mAPI Request\u001b[39m","method":"GET","statusCode":200,"timestamp":"2025-09-29 21:06:37:637","type":"api_request","url":"/api/messages/conversations","userId":"68d40d3f1aeab761f258990e"}
{"duration":198,"level":"\u001b[35mhttp\u001b[39m","message":"\u001b[35mAPI Request\u001b[39m","method":"GET","statusCode":200,"timestamp":"2025-09-29 21:06:57:657","type":"api_request","url":"/api/messages/unread-count","userId":"68d40d3f1aeab761f258990e"}
{"duration":256,"level":"\u001b[35mhttp\u001b[39m","message":"\u001b[35mAPI Request\u001b[39m","method":"GET","statusCode":200,"timestamp":"2025-09-29 21:06:57:657","type":"api_request","url":"/api/messages/unread-count","userId":"68d40d3f1aeab761f258990e"}
{"duration":72,"level":"\u001b[35mhttp\u001b[39m","message":"\u001b[35mAPI Request\u001b[39m","method":"GET","statusCode":401,"timestamp":"2025-09-29 23:40:08:408","type":"api_request","url":"/api/admin/settings","userId":"68cb1a88978bc922b7a56867"}
{"duration":75,"level":"\u001b[35mhttp\u001b[39m","message":"\u001b[35mAPI Request\u001b[39m","method":"GET","statusCode":401,"timestamp":"2025-09-29 23:40:08:408","type":"api_request","url":"/api/admin/settings","userId":"68cb1a88978bc922b7a56867"}
{"duration":173,"level":"\u001b[35mhttp\u001b[39m","message":"\u001b[35mAPI Request\u001b[39m","method":"GET","statusCode":200,"timestamp":"2025-09-29 23:40:08:408","type":"api_request","url":"/api/messages/unread-count","userId":"68cb1a88978bc922b7a56867"}
{"duration":177,"level":"\u001b[35mhttp\u001b[39m","message":"\u001b[35mAPI Request\u001b[39m","method":"GET","statusCode":200,"timestamp":"2025-09-29 23:40:08:408","type":"api_request","url":"/api/messages/unread-count","userId":"68cb1a88978bc922b7a56867"}
{"duration":178,"level":"\u001b[35mhttp\u001b[39m","message":"\u001b[35mAPI Request\u001b[39m","method":"GET","statusCode":200,"timestamp":"2025-09-29 23:40:08:408","type":"api_request","url":"/api/messages/unread-count","userId":"68cb1a88978bc922b7a56867"}
{"duration":471,"level":"\u001b[35mhttp\u001b[39m","message":"\u001b[35mAPI Request\u001b[39m","method":"GET","statusCode":200,"timestamp":"2025-09-29 23:40:09:409","type":"api_request","url":"/api/messages/conversations","userId":"68cb1a88978bc922b7a56867"}
{"duration":409,"level":"\u001b[35mhttp\u001b[39m","message":"\u001b[35mAPI Request\u001b[39m","method":"GET","statusCode":200,"timestamp":"2025-09-29 23:40:11:4011","type":"api_request","url":"/api/messages/68d7e10aa5ec99a5dfe3b45a","userId":"68cb1a88978bc922b7a56867"}
{"duration":140,"level":"\u001b[35mhttp\u001b[39m","message":"\u001b[35mAPI Request\u001b[39m","method":"GET","statusCode":200,"timestamp":"2025-09-29 23:40:39:4039","type":"api_request","url":"/api/messages/unread-count","userId":"68cb1a88978bc922b7a56867"}
{"duration":128,"level":"\u001b[35mhttp\u001b[39m","message":"\u001b[35mAPI Request\u001b[39m","method":"GET","statusCode":200,"timestamp":"2025-09-29 23:40:39:4039","type":"api_request","url":"/api/messages/unread-count","userId":"68cb1a88978bc922b7a56867"}
{"duration":408,"level":"\u001b[35mhttp\u001b[39m","message":"\u001b[35mAPI Request\u001b[39m","method":"GET","statusCode":200,"timestamp":"2025-09-29 23:40:39:4039","type":"api_request","url":"/api/messages/conversations","userId":"68cb1a88978bc922b7a56867"}
{"duration":419,"level":"\u001b[35mhttp\u001b[39m","message":"\u001b[35mAPI Request\u001b[39m","method":"GET","statusCode":200,"timestamp":"2025-09-29 23:40:42:4042","type":"api_request","url":"/api/messages/68d7e10aa5ec99a5dfe3b45a","userId":"68cb1a88978bc922b7a56867"}
{"duration":134,"level":"\u001b[35mhttp\u001b[39m","message":"\u001b[35mAPI Request\u001b[39m","method":"GET","statusCode":200,"timestamp":"2025-09-29 23:41:09:419","type":"api_request","url":"/api/messages/unread-count","userId":"68cb1a88978bc922b7a56867"}
{"duration":148,"level":"\u001b[35mhttp\u001b[39m","message":"\u001b[35mAPI Request\u001b[39m","method":"GET","statusCode":200,"timestamp":"2025-09-29 23:41:09:419","type":"api_request","url":"/api/messages/unread-count","userId":"68cb1a88978bc922b7a56867"}
{"duration":576,"level":"\u001b[35mhttp\u001b[39m","message":"\u001b[35mAPI Request\u001b[39m","method":"GET","statusCode":200,"timestamp":"2025-09-29 23:41:11:4111","type":"api_request","url":"/api/messages/conversations","userId":"68cb1a88978bc922b7a56867"}
{"duration":357,"level":"\u001b[35mhttp\u001b[39m","message":"\u001b[35mAPI Request\u001b[39m","method":"GET","statusCode":200,"timestamp":"2025-09-29 23:41:13:4113","type":"api_request","url":"/api/messages/68d7e10aa5ec99a5dfe3b45a","userId":"68cb1a88978bc922b7a56867"}
{"duration":142,"level":"\u001b[35mhttp\u001b[39m","message":"\u001b[35mAPI Request\u001b[39m","method":"GET","statusCode":200,"timestamp":"2025-09-29 23:41:40:4140","type":"api_request","url":"/api/messages/unread-count","userId":"68cb1a88978bc922b7a56867"}
{"duration":127,"level":"\u001b[35mhttp\u001b[39m","message":"\u001b[35mAPI Request\u001b[39m","method":"GET","statusCode":200,"timestamp":"2025-09-29 23:41:40:4140","type":"api_request","url":"/api/messages/unread-count","userId":"68cb1a88978bc922b7a56867"}
{"duration":405,"level":"\u001b[35mhttp\u001b[39m","message":"\u001b[35mAPI Request\u001b[39m","method":"GET","statusCode":200,"timestamp":"2025-09-29 23:41:42:4142","type":"api_request","url":"/api/messages/conversations","userId":"68cb1a88978bc922b7a56867"}
{"duration":421,"level":"\u001b[35mhttp\u001b[39m","message":"\u001b[35mAPI Request\u001b[39m","method":"GET","statusCode":200,"timestamp":"2025-09-29 23:41:45:4145","type":"api_request","url":"/api/messages/68d7e10aa5ec99a5dfe3b45a","userId":"68cb1a88978bc922b7a56867"}
{"duration":144,"level":"\u001b[35mhttp\u001b[39m","message":"\u001b[35mAPI Request\u001b[39m","method":"GET","statusCode":200,"timestamp":"2025-09-29 23:42:10:4210","type":"api_request","url":"/api/messages/unread-count","userId":"68cb1a88978bc922b7a56867"}
{"duration":157,"level":"\u001b[35mhttp\u001b[39m","message":"\u001b[35mAPI Request\u001b[39m","method":"GET","statusCode":200,"timestamp":"2025-09-29 23:42:10:4210","type":"api_request","url":"/api/messages/unread-count","userId":"68cb1a88978bc922b7a56867"}
{"duration":435,"level":"\u001b[35mhttp\u001b[39m","message":"\u001b[35mAPI Request\u001b[39m","method":"GET","statusCode":200,"timestamp":"2025-09-29 23:42:12:4212","type":"api_request","url":"/api/messages/conversations","userId":"68cb1a88978bc922b7a56867"}
{"duration":367,"level":"\u001b[35mhttp\u001b[39m","message":"\u001b[35mAPI Request\u001b[39m","method":"GET","statusCode":200,"timestamp":"2025-09-29 23:42:15:4215","type":"api_request","url":"/api/messages/68d7e10aa5ec99a5dfe3b45a","userId":"68cb1a88978bc922b7a56867"}
{"duration":393,"level":"\u001b[35mhttp\u001b[39m","message":"\u001b[35mAPI Request\u001b[39m","method":"GET","statusCode":200,"timestamp":"2025-09-29 23:42:41:4241","type":"api_request","url":"/api/messages/unread-count","userId":"68cb1a88978bc922b7a56867"}
{"duration":127,"level":"\u001b[35mhttp\u001b[39m","message":"\u001b[35mAPI Request\u001b[39m","method":"GET","statusCode":200,"timestamp":"2025-09-29 23:42:41:4241","type":"api_request","url":"/api/messages/unread-count","userId":"68cb1a88978bc922b7a56867"}
{"duration":401,"level":"\u001b[35mhttp\u001b[39m","message":"\u001b[35mAPI Request\u001b[39m","method":"GET","statusCode":200,"timestamp":"2025-09-29 23:42:44:4244","type":"api_request","url":"/api/messages/conversations","userId":"68cb1a88978bc922b7a56867"}
{"duration":343,"level":"\u001b[35mhttp\u001b[39m","message":"\u001b[35mAPI Request\u001b[39m","method":"GET","statusCode":200,"timestamp":"2025-09-29 23:42:47:4247","type":"api_request","url":"/api/messages/68d7e10aa5ec99a5dfe3b45a","userId":"68cb1a88978bc922b7a56867"}
{"duration":146,"level":"\u001b[35mhttp\u001b[39m","message":"\u001b[35mAPI Request\u001b[39m","method":"GET","statusCode":200,"timestamp":"2025-09-29 23:43:11:4311","type":"api_request","url":"/api/messages/unread-count","userId":"68cb1a88978bc922b7a56867"}
{"duration":140,"level":"\u001b[35mhttp\u001b[39m","message":"\u001b[35mAPI Request\u001b[39m","method":"GET","statusCode":200,"timestamp":"2025-09-29 23:43:11:4311","type":"api_request","url":"/api/messages/unread-count","userId":"68cb1a88978bc922b7a56867"}
{"duration":402,"level":"\u001b[35mhttp\u001b[39m","message":"\u001b[35mAPI Request\u001b[39m","method":"GET","statusCode":200,"timestamp":"2025-09-29 23:43:14:4314","type":"api_request","url":"/api/messages/conversations","userId":"68cb1a88978bc922b7a56867"}
{"duration":367,"level":"\u001b[35mhttp\u001b[39m","message":"\u001b[35mAPI Request\u001b[39m","method":"GET","statusCode":200,"timestamp":"2025-09-29 23:43:17:4317","type":"api_request","url":"/api/messages/68d7e10aa5ec99a5dfe3b45a","userId":"68cb1a88978bc922b7a56867"}
{"duration":127,"level":"\u001b[35mhttp\u001b[39m","message":"\u001b[35mAPI Request\u001b[39m","method":"GET","statusCode":200,"timestamp":"2025-09-29 23:43:41:4341","type":"api_request","url":"/api/messages/unread-count","userId":"68cb1a88978bc922b7a56867"}
{"duration":126,"level":"\u001b[35mhttp\u001b[39m","message":"\u001b[35mAPI Request\u001b[39m","method":"GET","statusCode":200,"timestamp":"2025-09-29 23:43:41:4341","type":"api_request","url":"/api/messages/unread-count","userId":"68cb1a88978bc922b7a56867"}
{"duration":543,"level":"\u001b[35mhttp\u001b[39m","message":"\u001b[35mAPI Request\u001b[39m","method":"GET","statusCode":200,"timestamp":"2025-09-29 23:43:46:4346","type":"api_request","url":"/api/messages/conversations","userId":"68cb1a88978bc922b7a56867"}
{"duration":382,"level":"\u001b[35mhttp\u001b[39m","message":"\u001b[35mAPI Request\u001b[39m","method":"GET","statusCode":200,"timestamp":"2025-09-29 23:43:49:4349","type":"api_request","url":"/api/messages/68d7e10aa5ec99a5dfe3b45a","userId":"68cb1a88978bc922b7a56867"}
{"duration":135,"level":"\u001b[35mhttp\u001b[39m","message":"\u001b[35mAPI Request\u001b[39m","method":"GET","statusCode":200,"timestamp":"2025-09-29 23:44:12:4412","type":"api_request","url":"/api/messages/unread-count","userId":"68cb1a88978bc922b7a56867"}
{"duration":130,"level":"\u001b[35mhttp\u001b[39m","message":"\u001b[35mAPI Request\u001b[39m","method":"GET","statusCode":200,"timestamp":"2025-09-29 23:44:12:4412","type":"api_request","url":"/api/messages/unread-count","userId":"68cb1a88978bc922b7a56867"}
{"duration":433,"level":"\u001b[35mhttp\u001b[39m","message":"\u001b[35mAPI Request\u001b[39m","method":"GET","statusCode":200,"timestamp":"2025-09-29 23:44:17:4417","type":"api_request","url":"/api/messages/conversations","userId":"68cb1a88978bc922b7a56867"}
{"duration":351,"level":"\u001b[35mhttp\u001b[39m","message":"\u001b[35mAPI Request\u001b[39m","method":"GET","statusCode":200,"timestamp":"2025-09-29 23:44:19:4419","type":"api_request","url":"/api/messages/68d7e10aa5ec99a5dfe3b45a","userId":"68cb1a88978bc922b7a56867"}
{"duration":142,"level":"\u001b[35mhttp\u001b[39m","message":"\u001b[35mAPI Request\u001b[39m","method":"GET","statusCode":200,"timestamp":"2025-09-29 23:44:42:4442","type":"api_request","url":"/api/messages/unread-count","userId":"68cb1a88978bc922b7a56867"}
{"duration":146,"level":"\u001b[35mhttp\u001b[39m","message":"\u001b[35mAPI Request\u001b[39m","method":"GET","statusCode":200,"timestamp":"2025-09-29 23:44:42:4442","type":"api_request","url":"/api/messages/unread-count","userId":"68cb1a88978bc922b7a56867"}
{"duration":444,"level":"\u001b[35mhttp\u001b[39m","message":"\u001b[35mAPI Request\u001b[39m","method":"GET","statusCode":200,"timestamp":"2025-09-29 23:44:48:4448","type":"api_request","url":"/api/messages/conversations","userId":"68cb1a88978bc922b7a56867"}
{"duration":380,"level":"\u001b[35mhttp\u001b[39m","message":"\u001b[35mAPI Request\u001b[39m","method":"GET","statusCode":200,"timestamp":"2025-09-29 23:44:50:4450","type":"api_request","url":"/api/messages/68d7e10aa5ec99a5dfe3b45a","userId":"68cb1a88978bc922b7a56867"}
{"duration":127,"level":"\u001b[35mhttp\u001b[39m","message":"\u001b[35mAPI Request\u001b[39m","method":"GET","statusCode":200,"timestamp":"2025-09-29 23:45:13:4513","type":"api_request","url":"/api/messages/unread-count","userId":"68cb1a88978bc922b7a56867"}
{"duration":149,"level":"\u001b[35mhttp\u001b[39m","message":"\u001b[35mAPI Request\u001b[39m","method":"GET","statusCode":200,"timestamp":"2025-09-29 23:45:13:4513","type":"api_request","url":"/api/messages/unread-count","userId":"68cb1a88978bc922b7a56867"}
{"duration":465,"level":"\u001b[35mhttp\u001b[39m","message":"\u001b[35mAPI Request\u001b[39m","method":"GET","statusCode":200,"timestamp":"2025-09-29 23:45:19:4519","type":"api_request","url":"/api/messages/conversations","userId":"68cb1a88978bc922b7a56867"}
{"duration":401,"level":"\u001b[35mhttp\u001b[39m","message":"\u001b[35mAPI Request\u001b[39m","method":"GET","statusCode":200,"timestamp":"2025-09-29 23:45:20:4520","type":"api_request","url":"/api/messages/68d7e10aa5ec99a5dfe3b45a","userId":"68cb1a88978bc922b7a56867"}
{"duration":1700,"level":"\u001b[35mhttp\u001b[39m","message":"\u001b[35mAPI Request\u001b[39m","method":"GET","statusCode":200,"timestamp":"2025-09-29 23:45:45:4545","type":"api_request","url":"/api/messages/unread-count","userId":"68cb1a88978bc922b7a56867"}
{"duration":534,"level":"\u001b[35mhttp\u001b[39m","message":"\u001b[35mAPI Request\u001b[39m","method":"GET","statusCode":200,"timestamp":"2025-09-29 23:45:45:4545","type":"api_request","url":"/api/messages/unread-count","userId":"68cb1a88978bc922b7a56867"}
{"duration":462,"level":"\u001b[35mhttp\u001b[39m","message":"\u001b[35mAPI Request\u001b[39m","method":"GET","statusCode":200,"timestamp":"2025-09-29 23:45:51:4551","type":"api_request","url":"/api/messages/conversations","userId":"68cb1a88978bc922b7a56867"}
{"duration":380,"level":"\u001b[35mhttp\u001b[39m","message":"\u001b[35mAPI Request\u001b[39m","method":"GET","statusCode":200,"timestamp":"2025-09-29 23:45:51:4551","type":"api_request","url":"/api/messages/68d7e10aa5ec99a5dfe3b45a","userId":"68cb1a88978bc922b7a56867"}
{"duration":198,"level":"\u001b[35mhttp\u001b[39m","message":"\u001b[35mAPI Request\u001b[39m","method":"GET","statusCode":401,"timestamp":"2025-09-29 23:46:12:4612","type":"api_request","url":"/api/admin/settings","userId":"68cb1a88978bc922b7a56867"}
{"duration":218,"level":"\u001b[35mhttp\u001b[39m","message":"\u001b[35mAPI Request\u001b[39m","method":"GET","statusCode":401,"timestamp":"2025-09-29 23:46:12:4612","type":"api_request","url":"/api/admin/settings","userId":"68cb1a88978bc922b7a56867"}
{"duration":179,"level":"\u001b[35mhttp\u001b[39m","message":"\u001b[35mAPI Request\u001b[39m","method":"GET","statusCode":401,"timestamp":"2025-09-29 23:48:31:4831","type":"api_request","url":"/api/admin/settings","userId":"68cb1a88978bc922b7a56867"}
{"duration":183,"level":"\u001b[35mhttp\u001b[39m","message":"\u001b[35mAPI Request\u001b[39m","method":"GET","statusCode":401,"timestamp":"2025-09-29 23:48:31:4831","type":"api_request","url":"/api/admin/settings","userId":"68cb1a88978bc922b7a56867"}
{"duration":62,"level":"\u001b[35mhttp\u001b[39m","message":"\u001b[35mAPI Request\u001b[39m","method":"GET","statusCode":401,"timestamp":"2025-09-29 23:48:52:4852","type":"api_request","url":"/api/admin/settings","userId":"68cb1a88978bc922b7a56867"}
{"duration":73,"level":"\u001b[35mhttp\u001b[39m","message":"\u001b[35mAPI Request\u001b[39m","method":"GET","statusCode":401,"timestamp":"2025-09-29 23:48:52:4852","type":"api_request","url":"/api/admin/settings","userId":"68cb1a88978bc922b7a56867"}
{"duration":129,"level":"\u001b[35mhttp\u001b[39m","message":"\u001b[35mAPI Request\u001b[39m","method":"GET","statusCode":401,"timestamp":"2025-09-29 23:56:25:5625","type":"api_request","url":"/api/admin/settings","userId":"68cb1a88978bc922b7a56867"}
{"duration":132,"level":"\u001b[35mhttp\u001b[39m","message":"\u001b[35mAPI Request\u001b[39m","method":"GET","statusCode":401,"timestamp":"2025-09-29 23:56:25:5625","type":"api_request","url":"/api/admin/settings","userId":"68cb1a88978bc922b7a56867"}
{"duration":219,"level":"\u001b[35mhttp\u001b[39m","message":"\u001b[35mAPI Request\u001b[39m","method":"GET","statusCode":200,"timestamp":"2025-09-29 23:56:25:5625","type":"api_request","url":"/api/messages/unread-count","userId":"68cb1a88978bc922b7a56867"}
{"duration":488,"level":"\u001b[35mhttp\u001b[39m","message":"\u001b[35mAPI Request\u001b[39m","method":"GET","statusCode":200,"timestamp":"2025-09-29 23:56:26:5626","type":"api_request","url":"/api/messages/conversations","userId":"68cb1a88978bc922b7a56867"}
{"duration":150,"level":"\u001b[35mhttp\u001b[39m","message":"\u001b[35mAPI Request\u001b[39m","method":"GET","statusCode":200,"timestamp":"2025-09-29 23:56:26:5626","type":"api_request","url":"/api/messages/unread-count","userId":"68cb1a88978bc922b7a56867"}
{"duration":161,"level":"\u001b[35mhttp\u001b[39m","message":"\u001b[35mAPI Request\u001b[39m","method":"GET","statusCode":200,"timestamp":"2025-09-29 23:56:26:5626","type":"api_request","url":"/api/messages/unread-count","userId":"68cb1a88978bc922b7a56867"}
{"duration":369,"level":"\u001b[35mhttp\u001b[39m","message":"\u001b[35mAPI Request\u001b[39m","method":"GET","statusCode":200,"timestamp":"2025-09-29 23:56:27:5627","type":"api_request","url":"/api/messages/68d7e10aa5ec99a5dfe3b45a","userId":"68cb1a88978bc922b7a56867"}
{"duration":490,"level":"\u001b[35mhttp\u001b[39m","message":"\u001b[35mAPI Request\u001b[39m","method":"GET","statusCode":200,"timestamp":"2025-09-29 23:57:08:578","type":"api_request","url":"/api/messages/conversations","userId":"68cb1a88978bc922b7a56867"}
{"duration":148,"level":"\u001b[35mhttp\u001b[39m","message":"\u001b[35mAPI Request\u001b[39m","method":"GET","statusCode":200,"timestamp":"2025-09-29 23:57:31:5731","type":"api_request","url":"/api/messages/unread-count","userId":"68cb1a88978bc922b7a56867"}
{"duration":605,"level":"\u001b[35mhttp\u001b[39m","message":"\u001b[35mAPI Request\u001b[39m","method":"GET","statusCode":200,"timestamp":"2025-09-29 23:59:17:5917","type":"api_request","url":"/api/messages/conversations","userId":"68cb1a88978bc922b7a56867"}
{"duration":2,"level":"\u001b[35mhttp\u001b[39m","message":"\u001b[35mAPI Request\u001b[39m","method":"GET","statusCode":401,"timestamp":"2025-09-29 23:59:55:5955","type":"api_request","url":"/api/admin/settings"}
{"duration":0,"level":"\u001b[35mhttp\u001b[39m","message":"\u001b[35mAPI Request\u001b[39m","method":"GET","statusCode":401,"timestamp":"2025-09-29 23:59:55:5955","type":"api_request","url":"/api/admin/settings"}
