{"duration":941,"level":"\u001b[35mhttp\u001b[39m","message":"\u001b[35mAPI Request\u001b[39m","method":"GET","statusCode":200,"timestamp":"2025-09-26 00:00:51:051","type":"api_request","url":"/api/activities/recent","userId":"68cb1a87978bc922b7a5685b"}
{"duration":255,"level":"\u001b[35mhttp\u001b[39m","message":"\u001b[35mAPI Request\u001b[39m","method":"GET","statusCode":200,"timestamp":"2025-09-26 00:03:52:352","type":"api_request","url":"/api/activities/recent","userId":"68cb1a87978bc922b7a5685b"}
{"duration":1060,"level":"\u001b[35mhttp\u001b[39m","message":"\u001b[35mAPI Request\u001b[39m","method":"GET","statusCode":200,"timestamp":"2025-09-26 00:25:33:2533","type":"api_request","url":"/api/admin/reports","userId":"68cb1a87978bc922b7a5685b"}
{"duration":1066,"level":"\u001b[35mhttp\u001b[39m","message":"\u001b[35mAPI Request\u001b[39m","method":"GET","statusCode":200,"timestamp":"2025-09-26 00:25:33:2533","type":"api_request","url":"/api/admin/reports","userId":"68cb1a87978bc922b7a5685b"}
{"duration":97,"level":"\u001b[35mhttp\u001b[39m","message":"\u001b[35mAPI Request\u001b[39m","method":"GET","statusCode":200,"timestamp":"2025-09-26 00:25:35:2535","type":"api_request","url":"/api/admin/settings","userId":"68cb1a87978bc922b7a5685b"}
{"duration":99,"level":"\u001b[35mhttp\u001b[39m","message":"\u001b[35mAPI Request\u001b[39m","method":"GET","statusCode":200,"timestamp":"2025-09-26 00:25:35:2535","type":"api_request","url":"/api/admin/settings","userId":"68cb1a87978bc922b7a5685b"}
{"duration":1011,"level":"\u001b[35mhttp\u001b[39m","message":"\u001b[35mAPI Request\u001b[39m","method":"GET","statusCode":200,"timestamp":"2025-09-26 00:25:37:2537","type":"api_request","url":"/api/admin/reports","userId":"68cb1a87978bc922b7a5685b"}
{"duration":1073,"level":"\u001b[35mhttp\u001b[39m","message":"\u001b[35mAPI Request\u001b[39m","method":"GET","statusCode":200,"timestamp":"2025-09-26 00:25:37:2537","type":"api_request","url":"/api/admin/reports","userId":"68cb1a87978bc922b7a5685b"}
{"duration":1148,"level":"\u001b[35mhttp\u001b[39m","message":"\u001b[35mAPI Request\u001b[39m","method":"GET","statusCode":200,"timestamp":"2025-09-26 00:45:12:4512","type":"api_request","url":"/api/admin/reports","userId":"68cb1a87978bc922b7a5685b"}
{"duration":1357,"level":"\u001b[35mhttp\u001b[39m","message":"\u001b[35mAPI Request\u001b[39m","method":"GET","statusCode":200,"timestamp":"2025-09-26 00:45:12:4512","type":"api_request","url":"/api/admin/reports","userId":"68cb1a87978bc922b7a5685b"}
{"duration":268,"level":"\u001b[35mhttp\u001b[39m","message":"\u001b[35mAPI Request\u001b[39m","method":"GET","statusCode":200,"timestamp":"2025-09-26 00:45:38:4538","type":"api_request","url":"/api/activities/recent","userId":"68cb1a87978bc922b7a5685b"}
{"duration":241,"level":"\u001b[35mhttp\u001b[39m","message":"\u001b[35mAPI Request\u001b[39m","method":"GET","statusCode":200,"timestamp":"2025-09-26 00:47:59:4759","type":"api_request","url":"/api/activities/recent","userId":"68cb1a87978bc922b7a5685b"}
{"duration":200,"level":"\u001b[35mhttp\u001b[39m","message":"\u001b[35mAPI Request\u001b[39m","method":"GET","statusCode":200,"timestamp":"2025-09-26 00:48:49:4849","type":"api_request","url":"/api/activities/recent","userId":"68cb1a87978bc922b7a5685b"}
{"duration":0,"level":"\u001b[35mhttp\u001b[39m","message":"\u001b[35mAPI Request\u001b[39m","method":"GET","statusCode":401,"timestamp":"2025-09-26 01:00:27:027","type":"api_request","url":"/api/activities/recent"}
{"action":"login","details":{"details":{},"ipAddress":"::ffff:127.0.0.1","userRole":"admin"},"level":"\u001b[32minfo\u001b[39m","message":"\u001b[32mUser Activity\u001b[39m","timestamp":"2025-09-26 01:00:34:034","type":"activity","userId":"68cb1a87978bc922b7a5685b"}
{"duration":1292,"level":"\u001b[35mhttp\u001b[39m","message":"\u001b[35mAPI Request\u001b[39m","method":"POST","statusCode":200,"timestamp":"2025-09-26 01:00:34:034","type":"api_request","url":"/api/auth/login","userId":"68cb1a87978bc922b7a5685b"}
{"duration":295,"level":"\u001b[35mhttp\u001b[39m","message":"\u001b[35mAPI Request\u001b[39m","method":"GET","statusCode":200,"timestamp":"2025-09-26 01:00:35:035","type":"api_request","url":"/api/activities/recent","userId":"68cb1a87978bc922b7a5685b"}
{"action":"login","details":{"details":{},"ipAddress":"::ffff:127.0.0.1","userRole":"provider"},"level":"\u001b[32minfo\u001b[39m","message":"\u001b[32mUser Activity\u001b[39m","timestamp":"2025-09-26 01:01:20:120","type":"activity","userId":"68d40d3f1aeab761f258990e"}
{"duration":477,"level":"\u001b[35mhttp\u001b[39m","message":"\u001b[35mAPI Request\u001b[39m","method":"POST","statusCode":200,"timestamp":"2025-09-26 01:01:20:120","type":"api_request","url":"/api/auth/login","userId":"68d40d3f1aeab761f258990e"}
{"action":"login","details":{"details":{},"ipAddress":"::ffff:127.0.0.1","userRole":"admin"},"level":"\u001b[32minfo\u001b[39m","message":"\u001b[32mUser Activity\u001b[39m","timestamp":"2025-09-26 01:04:35:435","type":"activity","userId":"68cb1a87978bc922b7a5685b"}
{"duration":660,"level":"\u001b[35mhttp\u001b[39m","message":"\u001b[35mAPI Request\u001b[39m","method":"POST","statusCode":200,"timestamp":"2025-09-26 01:04:35:435","type":"api_request","url":"/api/auth/login","userId":"68cb1a87978bc922b7a5685b"}
{"duration":280,"level":"\u001b[35mhttp\u001b[39m","message":"\u001b[35mAPI Request\u001b[39m","method":"GET","statusCode":200,"timestamp":"2025-09-26 01:04:37:437","type":"api_request","url":"/api/activities/recent","userId":"68cb1a87978bc922b7a5685b"}
