{"duration":1,"level":"\u001b[35mhttp\u001b[39m","message":"\u001b[35mAPI Request\u001b[39m","method":"GET","statusCode":401,"timestamp":"2025-09-19 00:56:45:5645","type":"api_request","url":"/api/activities/recent"}
{"duration":0,"level":"\u001b[35mhttp\u001b[39m","message":"\u001b[35mAPI Request\u001b[39m","method":"GET","statusCode":401,"timestamp":"2025-09-19 00:56:45:5645","type":"api_request","url":"/api/notifications"}
{"duration":0,"level":"\u001b[35mhttp\u001b[39m","message":"\u001b[35mAPI Request\u001b[39m","method":"GET","statusCode":200,"timestamp":"2025-09-19 00:56:45:5645","type":"api_request","url":"/api/messages/conversations"}
{"duration":1,"level":"\u001b[35mhttp\u001b[39m","message":"\u001b[35mAPI Request\u001b[39m","method":"GET","statusCode":401,"timestamp":"2025-09-19 00:56:45:5645","type":"api_request","url":"/api/admin/reports"}
{"duration":2,"level":"\u001b[35mhttp\u001b[39m","message":"\u001b[35mAPI Request\u001b[39m","method":"GET","statusCode":401,"timestamp":"2025-09-19 00:56:45:5645","type":"api_request","url":"/api/admin/settings"}
{"duration":0,"level":"\u001b[35mhttp\u001b[39m","message":"\u001b[35mAPI Request\u001b[39m","method":"GET","statusCode":401,"timestamp":"2025-09-19 00:56:46:5646","type":"api_request","url":"/api/profile"}
{"duration":0,"level":"\u001b[35mhttp\u001b[39m","message":"\u001b[35mAPI Request\u001b[39m","method":"GET","statusCode":200,"timestamp":"2025-09-19 00:56:46:5646","type":"api_request","url":"/api/payments"}
{"duration":2,"level":"\u001b[35mhttp\u001b[39m","message":"\u001b[35mAPI Request\u001b[39m","method":"GET","statusCode":401,"timestamp":"2025-09-19 00:59:25:5925","type":"api_request","url":"/api/activities/recent"}
{"duration":0,"level":"\u001b[35mhttp\u001b[39m","message":"\u001b[35mAPI Request\u001b[39m","method":"GET","statusCode":401,"timestamp":"2025-09-19 00:59:25:5925","type":"api_request","url":"/api/admin/reports"}
{"duration":1,"level":"\u001b[35mhttp\u001b[39m","message":"\u001b[35mAPI Request\u001b[39m","method":"GET","statusCode":401,"timestamp":"2025-09-19 00:59:25:5925","type":"api_request","url":"/api/profile"}
{"duration":2,"level":"\u001b[35mhttp\u001b[39m","message":"\u001b[35mAPI Request\u001b[39m","method":"GET","statusCode":401,"timestamp":"2025-09-19 00:59:25:5925","type":"api_request","url":"/api/notifications"}
{"duration":0,"level":"\u001b[35mhttp\u001b[39m","message":"\u001b[35mAPI Request\u001b[39m","method":"GET","statusCode":200,"timestamp":"2025-09-19 00:59:25:5925","type":"api_request","url":"/api/messages/conversations"}
{"duration":0,"level":"\u001b[35mhttp\u001b[39m","message":"\u001b[35mAPI Request\u001b[39m","method":"GET","statusCode":401,"timestamp":"2025-09-19 00:59:25:5925","type":"api_request","url":"/api/admin/settings"}
{"duration":0,"level":"\u001b[35mhttp\u001b[39m","message":"\u001b[35mAPI Request\u001b[39m","method":"GET","statusCode":200,"timestamp":"2025-09-19 00:59:25:5925","type":"api_request","url":"/api/payments"}
{"duration":2,"level":"\u001b[35mhttp\u001b[39m","message":"\u001b[35mAPI Request\u001b[39m","method":"GET","statusCode":401,"timestamp":"2025-09-19 01:08:22:822","type":"api_request","url":"/api/admin/settings"}
{"duration":0,"level":"\u001b[35mhttp\u001b[39m","message":"\u001b[35mAPI Request\u001b[39m","method":"GET","statusCode":200,"timestamp":"2025-09-19 01:08:22:822","type":"api_request","url":"/api/messages/conversations"}
{"duration":1,"level":"\u001b[35mhttp\u001b[39m","message":"\u001b[35mAPI Request\u001b[39m","method":"GET","statusCode":401,"timestamp":"2025-09-19 01:08:22:822","type":"api_request","url":"/api/notifications"}
{"duration":1,"level":"\u001b[35mhttp\u001b[39m","message":"\u001b[35mAPI Request\u001b[39m","method":"GET","statusCode":401,"timestamp":"2025-09-19 01:08:22:822","type":"api_request","url":"/api/profile"}
{"duration":1,"level":"\u001b[35mhttp\u001b[39m","message":"\u001b[35mAPI Request\u001b[39m","method":"GET","statusCode":401,"timestamp":"2025-09-19 01:08:22:822","type":"api_request","url":"/api/admin/reports"}
{"duration":0,"level":"\u001b[35mhttp\u001b[39m","message":"\u001b[35mAPI Request\u001b[39m","method":"GET","statusCode":200,"timestamp":"2025-09-19 01:08:22:822","type":"api_request","url":"/api/payments"}
{"duration":0,"level":"\u001b[35mhttp\u001b[39m","message":"\u001b[35mAPI Request\u001b[39m","method":"GET","statusCode":401,"timestamp":"2025-09-19 01:08:22:822","type":"api_request","url":"/api/activities/recent"}
